<?xml version="1.0" encoding="UTF-8"?>
<!-- Generated by org.testng.reporters.JUnitXMLReporter -->
<testsuite ignored="0" hostname="ADMIN" failures="0" tests="4" name="Test" time="113.049" errors="0" timestamp="2022-06-22T10:06:05 IST">
  <testcase classname="testscripts.regression.ValidateLoginPOMDataProvider" name="validateLoginTest" time="2.202"/>
  <testcase classname="testscripts.regression.ValidateLoginPOMDataProvider" name="validateLoginTest" time="0.985"/>
  <testcase classname="testscripts.regression.ValidateLoginPOMDataProvider" name="validateLoginTest" time="0.771"/>
  <testcase classname="testscripts.regression.ValidateLoginPOMDataProvider" name="validateLoginTest" time="2.226"/>
</testsuite> <!-- Test -->
