<?xml version="1.0" encoding="UTF-8"?>
<testng-results ignored="0" total="4" passed="4" failed="0" skipped="0">
  <reporter-output>
  </reporter-output>
  <suite started-at="2022-06-22T10:04:12 IST" name="Suite" finished-at="2022-06-22T10:06:05 IST" duration-ms="113049">
    <groups>
    </groups>
    <test started-at="2022-06-22T10:04:12 IST" name="Test" finished-at="2022-06-22T10:06:05 IST" duration-ms="113049">
      <class name="testscripts.regression.ValidateLoginPOMDataProvider">
        <test-method is-config="true" signature="reportSetUp()[pri:0, instance:testscripts.regression.ValidateLoginPOMDataProvider@4dbb42b7]" started-at="2022-06-22T10:04:12 IST" name="reportSetUp" finished-at="2022-06-22T10:04:13 IST" duration-ms="427" status="PASS">
          <reporter-output>
          </reporter-output>
        </test-method> <!-- reportSetUp -->
        <test-method is-config="true" signature="baseSetUp()[pri:0, instance:testscripts.regression.ValidateLoginPOMDataProvider@4dbb42b7]" started-at="2022-06-22T10:04:13 IST" name="baseSetUp" finished-at="2022-06-22T10:04:14 IST" duration-ms="1094" status="PASS">
          <reporter-output>
          </reporter-output>
        </test-method> <!-- baseSetUp -->
        <test-method is-config="true" signature="setUp()[pri:0, instance:testscripts.regression.ValidateLoginPOMDataProvider@4dbb42b7]" started-at="2022-06-22T10:04:14 IST" name="setUp" finished-at="2022-06-22T10:04:33 IST" duration-ms="19002" status="PASS">
          <reporter-output>
          </reporter-output>
        </test-method> <!-- setUp -->
        <test-method signature="validateLoginTest(java.lang.String,java.lang.String,java.lang.String)[pri:0, instance:testscripts.regression.ValidateLoginPOMDataProvider@4dbb42b7]" started-at="2022-06-22T10:04:33 IST" name="validateLoginTest" data-provider="getData" finished-at="2022-06-22T10:04:35 IST" duration-ms="2202" status="PASS">
          <params>
            <param index="0">
              <value>
                <![CDATA[reyaz0617]]>
              </value>
            </param>
            <param index="1">
              <value>
                <![CDATA[reyaz123]]>
              </value>
            </param>
            <param index="2">
              <value>
                <![CDATA[Adactin.com - Search Hotel]]>
              </value>
            </param>
          </params>
          <reporter-output>
          </reporter-output>
        </test-method> <!-- validateLoginTest -->
        <test-method is-config="true" signature="tearDown()[pri:0, instance:testscripts.regression.ValidateLoginPOMDataProvider@4dbb42b7]" started-at="2022-06-22T10:04:35 IST" name="tearDown" finished-at="2022-06-22T10:04:41 IST" duration-ms="5726" status="PASS">
          <reporter-output>
          </reporter-output>
        </test-method> <!-- tearDown -->
        <test-method is-config="true" signature="setUp()[pri:0, instance:testscripts.regression.ValidateLoginPOMDataProvider@4dbb42b7]" started-at="2022-06-22T10:04:41 IST" name="setUp" finished-at="2022-06-22T10:04:59 IST" duration-ms="17821" status="PASS">
          <reporter-output>
          </reporter-output>
        </test-method> <!-- setUp -->
        <test-method signature="validateLoginTest(java.lang.String,java.lang.String,java.lang.String)[pri:0, instance:testscripts.regression.ValidateLoginPOMDataProvider@4dbb42b7]" started-at="2022-06-22T10:04:59 IST" name="validateLoginTest" data-provider="getData" finished-at="2022-06-22T10:05:00 IST" duration-ms="985" status="PASS">
          <params>
            <param index="0">
              <value>
                <![CDATA[reyaz0617]]>
              </value>
            </param>
            <param index="1">
              <value>
                <![CDATA[reyaz456]]>
              </value>
            </param>
            <param index="2">
              <value>
                <![CDATA[Adactin.com - Hotel Reservation System]]>
              </value>
            </param>
          </params>
          <reporter-output>
          </reporter-output>
        </test-method> <!-- validateLoginTest -->
        <test-method is-config="true" signature="tearDown()[pri:0, instance:testscripts.regression.ValidateLoginPOMDataProvider@4dbb42b7]" started-at="2022-06-22T10:05:00 IST" name="tearDown" finished-at="2022-06-22T10:05:06 IST" duration-ms="5700" status="PASS">
          <reporter-output>
          </reporter-output>
        </test-method> <!-- tearDown -->
        <test-method is-config="true" signature="setUp()[pri:0, instance:testscripts.regression.ValidateLoginPOMDataProvider@4dbb42b7]" started-at="2022-06-22T10:05:06 IST" name="setUp" finished-at="2022-06-22T10:05:25 IST" duration-ms="19273" status="PASS">
          <reporter-output>
          </reporter-output>
        </test-method> <!-- setUp -->
        <test-method signature="validateLoginTest(java.lang.String,java.lang.String,java.lang.String)[pri:0, instance:testscripts.regression.ValidateLoginPOMDataProvider@4dbb42b7]" started-at="2022-06-22T10:05:25 IST" name="validateLoginTest" data-provider="getData" finished-at="2022-06-22T10:05:26 IST" duration-ms="771" status="PASS">
          <params>
            <param index="0">
              <value>
                <![CDATA[reyaz1212]]>
              </value>
            </param>
            <param index="1">
              <value>
                <![CDATA[reyaz123]]>
              </value>
            </param>
            <param index="2">
              <value>
                <![CDATA[Adactin.com - Hotel Reservation System]]>
              </value>
            </param>
          </params>
          <reporter-output>
          </reporter-output>
        </test-method> <!-- validateLoginTest -->
        <test-method is-config="true" signature="tearDown()[pri:0, instance:testscripts.regression.ValidateLoginPOMDataProvider@4dbb42b7]" started-at="2022-06-22T10:05:26 IST" name="tearDown" finished-at="2022-06-22T10:05:32 IST" duration-ms="5873" status="PASS">
          <reporter-output>
          </reporter-output>
        </test-method> <!-- tearDown -->
        <test-method is-config="true" signature="setUp()[pri:0, instance:testscripts.regression.ValidateLoginPOMDataProvider@4dbb42b7]" started-at="2022-06-22T10:05:32 IST" name="setUp" finished-at="2022-06-22T10:05:56 IST" duration-ms="24068" status="PASS">
          <reporter-output>
          </reporter-output>
        </test-method> <!-- setUp -->
        <test-method signature="validateLoginTest(java.lang.String,java.lang.String,java.lang.String)[pri:0, instance:testscripts.regression.ValidateLoginPOMDataProvider@4dbb42b7]" started-at="2022-06-22T10:05:56 IST" name="validateLoginTest" data-provider="getData" finished-at="2022-06-22T10:05:59 IST" duration-ms="2226" status="PASS">
          <params>
            <param index="0">
              <value>
                <![CDATA[reyaz1212]]>
              </value>
            </param>
            <param index="1">
              <value>
                <![CDATA[reyaz456]]>
              </value>
            </param>
            <param index="2">
              <value>
                <![CDATA[Adactin.com - Hotel Reservation System]]>
              </value>
            </param>
          </params>
          <reporter-output>
          </reporter-output>
        </test-method> <!-- validateLoginTest -->
        <test-method is-config="true" signature="tearDown()[pri:0, instance:testscripts.regression.ValidateLoginPOMDataProvider@4dbb42b7]" started-at="2022-06-22T10:05:59 IST" name="tearDown" finished-at="2022-06-22T10:06:05 IST" duration-ms="5815" status="PASS">
          <reporter-output>
          </reporter-output>
        </test-method> <!-- tearDown -->
        <test-method is-config="true" signature="flushReports()[pri:0, instance:testscripts.regression.ValidateLoginPOMDataProvider@4dbb42b7]" started-at="2022-06-22T10:06:05 IST" name="flushReports" finished-at="2022-06-22T10:06:05 IST" duration-ms="542" status="PASS">
          <reporter-output>
          </reporter-output>
        </test-method> <!-- flushReports -->
      </class> <!-- testscripts.regression.ValidateLoginPOMDataProvider -->
    </test> <!-- Test -->
  </suite> <!-- Suite -->
</testng-results>
